<?xml version="1.0" encoding="UTF-8"?>
<!-- Generated by org.testng.reporters.JUnitXMLReporter -->
<testsuite hostname="LAPTOP-6NAV24VU" ignored="10" name="Test" tests="1" failures="1" timestamp="21 Nov 2021 08:37:50 GMT" time="64.023" errors="0">
  <testcase name="gcpage" time="10.178" classname="Applebees.GiftcardsTest">
    <failure type="org.openqa.selenium.NoSuchElementException" message="no such element: Unable to locate element: {&amp;quot;method&amp;quot;:&amp;quot;xpath&amp;quot;,&amp;quot;selector&amp;quot;:&amp;quot;//a[@href=&amp;apos;/en/gift-cards&amp;apos;]&amp;quot;}
  (Session info: chrome=95.0.4638.69)
  (Driver info: chromedriver=2.41.578737 (49da6702b16031c40d63e5618de03a32ff6c197e),platform=Windows NT 10.0.19042 x86_64) (WARNING: The server did not provide any stacktrace information)
Command duration or timeout: 0 milliseconds
For documentation on this error, please visit: https://www.seleniumhq.org/exceptions/no_such_element.html
Build info: version: &amp;apos;3.141.59&amp;apos;, revision: &amp;apos;e82be7d358&amp;apos;, time: &amp;apos;2018-11-14T08:17:03&amp;apos;
System info: host: &amp;apos;LAPTOP-6NAV24VU&amp;apos;, ip: &amp;apos;192.168.0.2&amp;apos;, os.name: &amp;apos;Windows 10&amp;apos;, os.arch: &amp;apos;amd64&amp;apos;, os.version: &amp;apos;10.0&amp;apos;, java.version: &amp;apos;1.8.0_201&amp;apos;
Driver info: org.openqa.selenium.chrome.ChromeDriver
Capabilities {acceptInsecureCerts: false, acceptSslCerts: false, applicationCacheEnabled: false, browserConnectionEnabled: false, browserName: chrome, chrome: {chromedriverVersion: 2.41.578737 (49da6702b16031..., userDataDir: C:\Users\sathish\AppData\Lo...}, cssSelectorsEnabled: true, databaseEnabled: false, goog:chromeOptions: {debuggerAddress: localhost:56585}, handlesAlerts: true, hasTouchScreen: false, javascriptEnabled: true, locationContextEnabled: true, mobileEmulationEnabled: false, nativeEvents: true, networkConnectionEnabled: false, pageLoadStrategy: normal, platform: XP, platformName: XP, rotatable: false, setWindowRect: true, takesHeapSnapshot: true, takesScreenshot: true, unexpectedAlertBehaviour: , unhandledPromptBehavior: , version: 95.0.4638.69, webStorageEnabled: true}
Session ID: d2bbcf15db459a4fbf1a8670527039e7
*** Element info: {Using=xpath, value=//a[@href=&amp;apos;/en/gift-cards&amp;apos;]}">
      <![CDATA[org.openqa.selenium.NoSuchElementException: no such element: Unable to locate element: {"method":"xpath","selector":"//a[@href='/en/gift-cards']"}
  (Session info: chrome=95.0.4638.69)
  (Driver info: chromedriver=2.41.578737 (49da6702b16031c40d63e5618de03a32ff6c197e),platform=Windows NT 10.0.19042 x86_64) (WARNING: The server did not provide any stacktrace information)
Command duration or timeout: 0 milliseconds
For documentation on this error, please visit: https://www.seleniumhq.org/exceptions/no_such_element.html
Build info: version: '3.141.59', revision: 'e82be7d358', time: '2018-11-14T08:17:03'
System info: host: 'LAPTOP-6NAV24VU', ip: '192.168.0.2', os.name: 'Windows 10', os.arch: 'amd64', os.version: '10.0', java.version: '1.8.0_201'
Driver info: org.openqa.selenium.chrome.ChromeDriver
Capabilities {acceptInsecureCerts: false, acceptSslCerts: false, applicationCacheEnabled: false, browserConnectionEnabled: false, browserName: chrome, chrome: {chromedriverVersion: 2.41.578737 (49da6702b16031..., userDataDir: C:\Users\sathish\AppData\Lo...}, cssSelectorsEnabled: true, databaseEnabled: false, goog:chromeOptions: {debuggerAddress: localhost:56585}, handlesAlerts: true, hasTouchScreen: false, javascriptEnabled: true, locationContextEnabled: true, mobileEmulationEnabled: false, nativeEvents: true, networkConnectionEnabled: false, pageLoadStrategy: normal, platform: XP, platformName: XP, rotatable: false, setWindowRect: true, takesHeapSnapshot: true, takesScreenshot: true, unexpectedAlertBehaviour: , unhandledPromptBehavior: , version: 95.0.4638.69, webStorageEnabled: true}
Session ID: d2bbcf15db459a4fbf1a8670527039e7
*** Element info: {Using=xpath, value=//a[@href='/en/gift-cards']}
at org.openqa.selenium.remote.ErrorHandler.createThrowable(ErrorHandler.java:214)
at org.openqa.selenium.remote.ErrorHandler.throwIfResponseFailed(ErrorHandler.java:166)
at org.openqa.selenium.remote.http.JsonHttpResponseCodec.reconstructValue(JsonHttpResponseCodec.java:40)
at org.openqa.selenium.remote.http.AbstractHttpResponseCodec.decode(AbstractHttpResponseCodec.java:80)
at org.openqa.selenium.remote.http.AbstractHttpResponseCodec.decode(AbstractHttpResponseCodec.java:44)
at org.openqa.selenium.remote.HttpCommandExecutor.execute(HttpCommandExecutor.java:158)
at org.openqa.selenium.remote.service.DriverCommandExecutor.execute(DriverCommandExecutor.java:83)
at org.openqa.selenium.remote.RemoteWebDriver.execute(RemoteWebDriver.java:552)
at org.openqa.selenium.remote.RemoteWebDriver.findElement(RemoteWebDriver.java:323)
at org.openqa.selenium.remote.RemoteWebDriver.findElementByXPath(RemoteWebDriver.java:428)
at org.openqa.selenium.By$ByXPath.findElement(By.java:353)
at org.openqa.selenium.remote.RemoteWebDriver.findElement(RemoteWebDriver.java:315)
at pageobjectmodel.HomePageObjects.findmenu(HomePageObjects.java:28)
at Applebees.GiftcardsTest.gcpage(GiftcardsTest.java:32)
... Removed 29 stack frames]]>
    </failure>
  </testcase> <!-- gcpage -->
  <testcase name="@AfterSuite endResult" time="0.0" classname="resources.extentreport">
    <ignored/>
  </testcase> <!-- @AfterSuite endResult -->
  <testcase name="@AfterSuite endResult" time="0.0" classname="resources.extentreport">
    <ignored/>
  </testcase> <!-- @AfterSuite endResult -->
  <testcase name="hp" time="0.0" classname="Applebees.ApsHomePageTest">
    <ignored/>
  </testcase> <!-- hp -->
  <testcase name="@AfterTest cb" time="0.0" classname="resources.Base">
    <ignored/>
  </testcase> <!-- @AfterTest cb -->
  <testcase name="@AfterTest cb" time="0.0" classname="resources.Base">
    <ignored/>
  </testcase> <!-- @AfterTest cb -->
  <testcase name="@BeforeSuite beginResult" time="0.0" classname="resources.extentreport">
    <ignored/>
  </testcase> <!-- @BeforeSuite beginResult -->
  <testcase name="@BeforeSuite beginResult" time="0.0" classname="resources.extentreport">
    <ignored/>
  </testcase> <!-- @BeforeSuite beginResult -->
  <testcase name="@BeforeTest startbrowser" time="0.0" classname="resources.Base">
    <ignored/>
  </testcase> <!-- @BeforeTest startbrowser -->
  <testcase name="@BeforeTest startbrowser" time="0.0" classname="resources.Base">
    <ignored/>
  </testcase> <!-- @BeforeTest startbrowser -->
  <testcase name="menudisplayed" time="0.0" classname="Applebees.ApsMenuDisplayed">
    <ignored/>
  </testcase> <!-- menudisplayed -->
</testsuite> <!-- Test -->
