<?xml version="1.0" encoding="UTF-8"?>
<testng-results skipped="0" failed="1" ignored="10" total="11" passed="0">
  <reporter-output>
  </reporter-output>
  <suite name="Suite" duration-ms="64023" started-at="2021-11-21T08:36:46Z" finished-at="2021-11-21T08:37:50Z">
    <groups>
      <group name="smoke">
        <method signature="GiftcardsTest.gcpage()[pri:0, instance:Applebees.GiftcardsTest@76908cc0]" name="gcpage" class="Applebees.GiftcardsTest"/>
      </group> <!-- smoke -->
    </groups>
    <test name="Test" duration-ms="64023" started-at="2021-11-21T08:36:46Z" finished-at="2021-11-21T08:37:50Z">
      <class name="Applebees.GiftcardsTest">
        <test-method status="PASS" signature="beforeclassgctest()[pri:0, instance:Applebees.GiftcardsTest@76908cc0]" name="beforeclassgctest" is-config="true" duration-ms="0" started-at="2021-11-21T08:37:36Z" finished-at="2021-11-21T08:37:36Z">
          <reporter-output>
          </reporter-output>
        </test-method> <!-- beforeclassgctest -->
        <test-method status="PASS" signature="startTestCase(org.testng.ITestResult)[pri:0, instance:Applebees.GiftcardsTest@76908cc0]" name="startTestCase" is-config="true" duration-ms="31" started-at="2021-11-21T08:37:36Z" finished-at="2021-11-21T08:37:37Z">
          <params>
            <param index="0">
              <value>
                <![CDATA[[TestResult name=gcpage status=FAILURE method=GiftcardsTest.gcpage()[pri:0, instance:Applebees.GiftcardsTest@76908cc0] output={null}]]]>
              </value>
            </param>
          </params>
          <reporter-output>
          </reporter-output>
        </test-method> <!-- startTestCase -->
        <test-method status="FAIL" signature="gcpage()[pri:0, instance:Applebees.GiftcardsTest@76908cc0]" name="gcpage" duration-ms="10178" started-at="2021-11-21T08:37:37Z" finished-at="2021-11-21T08:37:47Z">
          <exception class="org.openqa.selenium.NoSuchElementException">
            <message>
              <![CDATA[no such element: Unable to locate element: {"method":"xpath","selector":"//a[@href='/en/gift-cards']"}
  (Session info: chrome=95.0.4638.69)
  (Driver info: chromedriver=2.41.578737 (49da6702b16031c40d63e5618de03a32ff6c197e),platform=Windows NT 10.0.19042 x86_64) (WARNING: The server did not provide any stacktrace information)
Command duration or timeout: 0 milliseconds
For documentation on this error, please visit: https://www.seleniumhq.org/exceptions/no_such_element.html
Build info: version: '3.141.59', revision: 'e82be7d358', time: '2018-11-14T08:17:03'
System info: host: 'LAPTOP-6NAV24VU', ip: '192.168.0.2', os.name: 'Windows 10', os.arch: 'amd64', os.version: '10.0', java.version: '1.8.0_201'
Driver info: org.openqa.selenium.chrome.ChromeDriver
Capabilities {acceptInsecureCerts: false, acceptSslCerts: false, applicationCacheEnabled: false, browserConnectionEnabled: false, browserName: chrome, chrome: {chromedriverVersion: 2.41.578737 (49da6702b16031..., userDataDir: C:\Users\sathish\AppData\Lo...}, cssSelectorsEnabled: true, databaseEnabled: false, goog:chromeOptions: {debuggerAddress: localhost:56585}, handlesAlerts: true, hasTouchScreen: false, javascriptEnabled: true, locationContextEnabled: true, mobileEmulationEnabled: false, nativeEvents: true, networkConnectionEnabled: false, pageLoadStrategy: normal, platform: XP, platformName: XP, rotatable: false, setWindowRect: true, takesHeapSnapshot: true, takesScreenshot: true, unexpectedAlertBehaviour: , unhandledPromptBehavior: , version: 95.0.4638.69, webStorageEnabled: true}
Session ID: d2bbcf15db459a4fbf1a8670527039e7
*** Element info: {Using=xpath, value=//a[@href='/en/gift-cards']}]]>
            </message>
            <full-stacktrace>
              <![CDATA[org.openqa.selenium.NoSuchElementException: no such element: Unable to locate element: {"method":"xpath","selector":"//a[@href='/en/gift-cards']"}
  (Session info: chrome=95.0.4638.69)
  (Driver info: chromedriver=2.41.578737 (49da6702b16031c40d63e5618de03a32ff6c197e),platform=Windows NT 10.0.19042 x86_64) (WARNING: The server did not provide any stacktrace information)
Command duration or timeout: 0 milliseconds
For documentation on this error, please visit: https://www.seleniumhq.org/exceptions/no_such_element.html
Build info: version: '3.141.59', revision: 'e82be7d358', time: '2018-11-14T08:17:03'
System info: host: 'LAPTOP-6NAV24VU', ip: '192.168.0.2', os.name: 'Windows 10', os.arch: 'amd64', os.version: '10.0', java.version: '1.8.0_201'
Driver info: org.openqa.selenium.chrome.ChromeDriver
Capabilities {acceptInsecureCerts: false, acceptSslCerts: false, applicationCacheEnabled: false, browserConnectionEnabled: false, browserName: chrome, chrome: {chromedriverVersion: 2.41.578737 (49da6702b16031..., userDataDir: C:\Users\sathish\AppData\Lo...}, cssSelectorsEnabled: true, databaseEnabled: false, goog:chromeOptions: {debuggerAddress: localhost:56585}, handlesAlerts: true, hasTouchScreen: false, javascriptEnabled: true, locationContextEnabled: true, mobileEmulationEnabled: false, nativeEvents: true, networkConnectionEnabled: false, pageLoadStrategy: normal, platform: XP, platformName: XP, rotatable: false, setWindowRect: true, takesHeapSnapshot: true, takesScreenshot: true, unexpectedAlertBehaviour: , unhandledPromptBehavior: , version: 95.0.4638.69, webStorageEnabled: true}
Session ID: d2bbcf15db459a4fbf1a8670527039e7
*** Element info: {Using=xpath, value=//a[@href='/en/gift-cards']}
at sun.reflect.NativeConstructorAccessorImpl.newInstance0(Native Method)
at sun.reflect.NativeConstructorAccessorImpl.newInstance(NativeConstructorAccessorImpl.java:62)
at sun.reflect.DelegatingConstructorAccessorImpl.newInstance(DelegatingConstructorAccessorImpl.java:45)
at java.lang.reflect.Constructor.newInstance(Constructor.java:423)
at org.openqa.selenium.remote.ErrorHandler.createThrowable(ErrorHandler.java:214)
at org.openqa.selenium.remote.ErrorHandler.throwIfResponseFailed(ErrorHandler.java:166)
at org.openqa.selenium.remote.http.JsonHttpResponseCodec.reconstructValue(JsonHttpResponseCodec.java:40)
at org.openqa.selenium.remote.http.AbstractHttpResponseCodec.decode(AbstractHttpResponseCodec.java:80)
at org.openqa.selenium.remote.http.AbstractHttpResponseCodec.decode(AbstractHttpResponseCodec.java:44)
at org.openqa.selenium.remote.HttpCommandExecutor.execute(HttpCommandExecutor.java:158)
at org.openqa.selenium.remote.service.DriverCommandExecutor.execute(DriverCommandExecutor.java:83)
at org.openqa.selenium.remote.RemoteWebDriver.execute(RemoteWebDriver.java:552)
at org.openqa.selenium.remote.RemoteWebDriver.findElement(RemoteWebDriver.java:323)
at org.openqa.selenium.remote.RemoteWebDriver.findElementByXPath(RemoteWebDriver.java:428)
at org.openqa.selenium.By$ByXPath.findElement(By.java:353)
at org.openqa.selenium.remote.RemoteWebDriver.findElement(RemoteWebDriver.java:315)
at pageobjectmodel.HomePageObjects.findmenu(HomePageObjects.java:28)
at Applebees.GiftcardsTest.gcpage(GiftcardsTest.java:32)
at sun.reflect.NativeMethodAccessorImpl.invoke0(Native Method)
at sun.reflect.NativeMethodAccessorImpl.invoke(NativeMethodAccessorImpl.java:62)
at sun.reflect.DelegatingMethodAccessorImpl.invoke(DelegatingMethodAccessorImpl.java:43)
at java.lang.reflect.Method.invoke(Method.java:498)
at org.testng.internal.MethodInvocationHelper.invokeMethod(MethodInvocationHelper.java:124)
at org.testng.internal.Invoker.invokeMethod(Invoker.java:583)
at org.testng.internal.Invoker.invokeTestMethod(Invoker.java:719)
at org.testng.internal.Invoker.invokeTestMethods(Invoker.java:989)
at org.testng.internal.TestMethodWorker.invokeTestMethods(TestMethodWorker.java:125)
at org.testng.internal.TestMethodWorker.run(TestMethodWorker.java:109)
at org.testng.TestRunner.privateRun(TestRunner.java:648)
at org.testng.TestRunner.run(TestRunner.java:505)
at org.testng.SuiteRunner.runTest(SuiteRunner.java:455)
at org.testng.SuiteRunner.runSequentially(SuiteRunner.java:450)
at org.testng.SuiteRunner.privateRun(SuiteRunner.java:415)
at org.testng.SuiteRunner.run(SuiteRunner.java:364)
at org.testng.SuiteRunnerWorker.runSuite(SuiteRunnerWorker.java:52)
at org.testng.SuiteRunnerWorker.run(SuiteRunnerWorker.java:84)
at org.testng.TestNG.runSuitesSequentially(TestNG.java:1208)
at org.testng.TestNG.runSuitesLocally(TestNG.java:1137)
at org.testng.TestNG.runSuites(TestNG.java:1049)
at org.testng.TestNG.run(TestNG.java:1017)
at org.testng.remote.AbstractRemoteTestNG.run(AbstractRemoteTestNG.java:114)
at org.testng.remote.RemoteTestNG.initAndRun(RemoteTestNG.java:251)
at org.testng.remote.RemoteTestNG.main(RemoteTestNG.java:77)
]]>
            </full-stacktrace>
          </exception> <!-- org.openqa.selenium.NoSuchElementException -->
          <reporter-output>
          </reporter-output>
        </test-method> <!-- gcpage -->
        <test-method status="PASS" signature="getResult(org.testng.ITestResult)[pri:0, instance:Applebees.GiftcardsTest@76908cc0]" name="getResult" is-config="true" duration-ms="842" started-at="2021-11-21T08:37:47Z" finished-at="2021-11-21T08:37:48Z">
          <params>
            <param index="0">
              <value>
                <![CDATA[[TestResult name=gcpage status=FAILURE method=GiftcardsTest.gcpage()[pri:0, instance:Applebees.GiftcardsTest@76908cc0] output={null}]]]>
              </value>
            </param>
          </params>
          <reporter-output>
          </reporter-output>
        </test-method> <!-- getResult -->
      </class> <!-- Applebees.GiftcardsTest -->
      <class name="Applebees.ApsHomePageTest">
        <test-method status="PASS" signature="beginResult()[pri:0, instance:Applebees.ApsHomePageTest@69b2283a]" name="beginResult" is-config="true" duration-ms="433" started-at="2021-11-21T08:36:45Z" finished-at="2021-11-21T08:36:46Z">
          <reporter-output>
          </reporter-output>
        </test-method> <!-- beginResult -->
        <test-method status="PASS" signature="startbrowser()[pri:0, instance:Applebees.ApsHomePageTest@69b2283a]" name="startbrowser" is-config="true" duration-ms="50577" started-at="2021-11-21T08:36:46Z" finished-at="2021-11-21T08:37:36Z">
          <reporter-output>
          </reporter-output>
        </test-method> <!-- startbrowser -->
        <test-method status="PASS" signature="cb()[pri:0, instance:Applebees.ApsHomePageTest@69b2283a]" name="cb" is-config="true" duration-ms="2375" started-at="2021-11-21T08:37:48Z" finished-at="2021-11-21T08:37:50Z">
          <reporter-output>
          </reporter-output>
        </test-method> <!-- cb -->
        <test-method status="PASS" signature="endResult()[pri:0, instance:Applebees.ApsHomePageTest@69b2283a]" name="endResult" is-config="true" duration-ms="638" started-at="2021-11-21T08:37:50Z" finished-at="2021-11-21T08:37:51Z">
          <reporter-output>
          </reporter-output>
        </test-method> <!-- endResult -->
      </class> <!-- Applebees.ApsHomePageTest -->
    </test> <!-- Test -->
  </suite> <!-- Suite -->
</testng-results>
